<?xml version="1.0" encoding="UTF-8"?>
<testng-results ignored="0" total="1" passed="1" failed="0" skipped="0">
  <reporter-output>
  </reporter-output>
  <suite started-at="2023-09-12T10:38:06 EDT" name="Default suite" finished-at="2023-09-12T10:38:11 EDT" duration-ms="4902">
    <groups>
    </groups>
    <test started-at="2023-09-12T10:38:06 EDT" name="Default test" finished-at="2023-09-12T10:38:11 EDT" duration-ms="4902">
      <class name="com.facebook.locators.RegularXpath">
        <test-method is-config="true" signature="openFacebook()[pri:0, instance:com.facebook.locators.RegularXpath@4c402120]" started-at="2023-09-12T10:38:06 EDT" name="openFacebook" finished-at="2023-09-12T10:38:11 EDT" duration-ms="4659" status="PASS">
          <reporter-output>
          </reporter-output>
        </test-method> <!-- openFacebook -->
        <test-method signature="loginTest()[pri:0, instance:com.facebook.locators.RegularXpath@4c402120]" started-at="2023-09-12T10:38:11 EDT" name="loginTest" finished-at="2023-09-12T10:38:11 EDT" duration-ms="219" status="PASS">
          <reporter-output>
          </reporter-output>
        </test-method> <!-- loginTest -->
      </class> <!-- com.facebook.locators.RegularXpath -->
    </test> <!-- Default test -->
  </suite> <!-- Default suite -->
</testng-results>
