<?xml version="1.0" encoding="UTF-8"?>
<testng-results ignored="0" total="1" passed="1" failed="0" skipped="0">
  <reporter-output>
  </reporter-output>
  <suite started-at="2023-09-17T11:18:35 EDT" name="Default suite" finished-at="2023-09-17T11:18:35 EDT" duration-ms="44">
    <groups>
    </groups>
    <test started-at="2023-09-17T11:18:35 EDT" name="Default test" finished-at="2023-09-17T11:18:35 EDT" duration-ms="44">
      <class name="com.facebook.locators.ContainFunctionXpath">
        <test-method signature="containFunction()[pri:0, instance:com.facebook.locators.ContainFunctionXpath@76505305]" started-at="2023-09-17T11:18:35 EDT" name="containFunction" finished-at="2023-09-17T11:18:35 EDT" duration-ms="11" status="PASS">
          <reporter-output>
          </reporter-output>
        </test-method> <!-- containFunction -->
      </class> <!-- com.facebook.locators.ContainFunctionXpath -->
    </test> <!-- Default test -->
  </suite> <!-- Default suite -->
</testng-results>
